[debug] [2022-03-15T20:12:39.441Z] ----------------------------------------------------------------------
[debug] [2022-03-15T20:12:39.442Z] Command:       /usr/local/bin/node /Users/jeremysistrunk/npm-global/bin/firebase hosting:channel:deploy krowdfire-test-v2
[debug] [2022-03-15T20:12:39.442Z] CLI Version:   10.2.2
[debug] [2022-03-15T20:12:39.442Z] Platform:      darwin
[debug] [2022-03-15T20:12:39.442Z] Node Version:  v16.13.1
[debug] [2022-03-15T20:12:39.446Z] Time:          Tue Mar 15 2022 16:12:39 GMT-0400 (Eastern Daylight Time)
[debug] [2022-03-15T20:12:39.447Z] ----------------------------------------------------------------------
[debug] 
[debug] [2022-03-15T20:12:39.476Z] > command requires scopes: ["email","openid","https://www.googleapis.com/auth/cloudplatformprojects.readonly","https://www.googleapis.com/auth/firebase","https://www.googleapis.com/auth/cloud-platform"]
[debug] [2022-03-15T20:12:39.476Z] > authorizing via signed-in user (jeremysistrunk@gmail.com)
[debug] [2022-03-15T20:12:39.476Z] [iam] checking project krowdfire-13489 for permissions ["firebase.projects.get","firebasehosting.sites.update"]
[debug] [2022-03-15T20:12:39.478Z] >>> [apiv2][query] POST https://cloudresourcemanager.googleapis.com/v1/projects/krowdfire-13489:testIamPermissions [none]
[debug] [2022-03-15T20:12:39.478Z] >>> [apiv2][body] POST https://cloudresourcemanager.googleapis.com/v1/projects/krowdfire-13489:testIamPermissions {"permissions":["firebase.projects.get","firebasehosting.sites.update"]}
[debug] [2022-03-15T20:12:39.804Z] <<< [apiv2][status] POST https://cloudresourcemanager.googleapis.com/v1/projects/krowdfire-13489:testIamPermissions 200
[debug] [2022-03-15T20:12:39.805Z] <<< [apiv2][body] POST https://cloudresourcemanager.googleapis.com/v1/projects/krowdfire-13489:testIamPermissions {"permissions":["firebase.projects.get","firebasehosting.sites.update"]}
[debug] [2022-03-15T20:12:39.805Z] >>> [apiv2][query] GET https://firebase.googleapis.com/v1beta1/projects/krowdfire-13489 [none]
[debug] [2022-03-15T20:12:40.180Z] <<< [apiv2][status] GET https://firebase.googleapis.com/v1beta1/projects/krowdfire-13489 200
[debug] [2022-03-15T20:12:40.180Z] <<< [apiv2][body] GET https://firebase.googleapis.com/v1beta1/projects/krowdfire-13489 {"projectId":"krowdfire-13489","projectNumber":"5441354608","displayName":"KrowdFire","name":"projects/krowdfire-13489","resources":{"hostingSite":"krowdfire-13489"},"state":"ACTIVE"}
[debug] [2022-03-15T20:12:40.181Z] >>> [apiv2][query] GET https://firebasehosting.googleapis.com/v1beta1/projects/krowdfire-13489/sites/krowdfire-13489/channels/krowdfire-test-v2 [none]
[debug] [2022-03-15T20:12:40.671Z] <<< [apiv2][status] GET https://firebasehosting.googleapis.com/v1beta1/projects/krowdfire-13489/sites/krowdfire-13489/channels/krowdfire-test-v2 200
[debug] [2022-03-15T20:12:40.671Z] <<< [apiv2][body] GET https://firebasehosting.googleapis.com/v1beta1/projects/krowdfire-13489/sites/krowdfire-13489/channels/krowdfire-test-v2 {"name":"projects/5441354608/sites/krowdfire-13489/channels/krowdfire-test-v2","url":"https://krowdfire-13489--krowdfire-test-v2-sfxmg4a0.web.app","release":{"name":"projects/5441354608/sites/krowdfire-13489/channels/krowdfire-test-v2/releases/1647375005315838","version":{"name":"projects/5441354608/sites/krowdfire-13489/versions/da8f52a1d8487fa7","status":"FINALIZED","config":{"rewrites":[{"glob":"**","path":"/index.html"}]},"labels":{"deployment-tool":"cli-firebase"},"createTime":"2022-03-15T20:09:56.758419Z","createUser":{"email":"JeremySistrunk@gmail.com"},"finalizeTime":"2022-03-15T20:10:05.399710Z","finalizeUser":{"email":"JeremySistrunk@gmail.com"},"fileCount":"3218","versionBytes":"110393944"},"type":"DEPLOY","releaseTime":"2022-03-15T20:10:05.315838148Z","releaseUser":{"email":"JeremySistrunk@gmail.com"}},"createTime":"2022-02-21T23:03:05.742555817Z","updateTime":"2022-03-15T20:10:05.315838148Z","retainedReleaseCount":10,"expireTime":"2022-03-22T20:09:56.129955686Z"}
[debug] [2022-03-15T20:12:40.671Z] [hosting] found existing channel for site krowdfire-13489 {"name":"projects/5441354608/sites/krowdfire-13489/channels/krowdfire-test-v2","url":"https://krowdfire-13489--krowdfire-test-v2-sfxmg4a0.web.app","release":{"name":"projects/5441354608/sites/krowdfire-13489/channels/krowdfire-test-v2/releases/1647375005315838","version":{"name":"projects/5441354608/sites/krowdfire-13489/versions/da8f52a1d8487fa7","status":"FINALIZED","config":{"rewrites":[{"glob":"**","path":"/index.html"}]},"labels":{"deployment-tool":"cli-firebase"},"createTime":"2022-03-15T20:09:56.758419Z","createUser":{"email":"JeremySistrunk@gmail.com"},"finalizeTime":"2022-03-15T20:10:05.399710Z","finalizeUser":{"email":"JeremySistrunk@gmail.com"},"fileCount":"3218","versionBytes":"110393944"},"type":"DEPLOY","releaseTime":"2022-03-15T20:10:05.315838148Z","releaseUser":{"email":"JeremySistrunk@gmail.com"}},"createTime":"2022-02-21T23:03:05.742555817Z","updateTime":"2022-03-15T20:10:05.315838148Z","retainedReleaseCount":10,"expireTime":"2022-03-22T20:09:56.129955686Z"}
[debug] [2022-03-15T20:12:40.671Z] >>> [apiv2][query] PATCH https://firebasehosting.googleapis.com/v1beta1/projects/krowdfire-13489/sites/krowdfire-13489/channels/krowdfire-test-v2 updateMask=ttl
[debug] [2022-03-15T20:12:40.671Z] >>> [apiv2][body] PATCH https://firebasehosting.googleapis.com/v1beta1/projects/krowdfire-13489/sites/krowdfire-13489/channels/krowdfire-test-v2 {"ttl":"604800s"}
